{"/Users/songsiqi/Documents/workspace/gitlab/px2rem-gulp/index.js":{"path":"/Users/songsiqi/Documents/workspace/gitlab/px2rem-gulp/index.js","s":{"1":1,"2":1,"3":1,"4":1,"5":1,"6":1,"7":1,"8":4,"9":4,"10":1,"11":5,"12":0,"13":5,"14":0,"15":5,"16":5,"17":5,"18":5,"19":1,"20":3,"21":3,"22":3,"23":5,"24":4,"25":4,"26":4,"27":5,"28":4},"b":{"1":[0,5],"2":[0,5],"3":[5,0],"4":[1,4],"5":[4,1]},"f":{"1":4,"2":5},"fnMap":{"1":{"name":"(anonymous_1)","line":12,"loc":{"start":{"line":12,"column":17},"end":{"line":12,"column":35}}},"2":{"name":"transformFunction","line":24,"loc":{"start":{"line":24,"column":4},"end":{"line":24,"column":57}}}},"statementMap":{"1":{"start":{"line":3,"column":0},"end":{"line":3,"column":31}},"2":{"start":{"line":4,"column":0},"end":{"line":4,"column":34}},"3":{"start":{"line":5,"column":0},"end":{"line":5,"column":33}},"4":{"start":{"line":6,"column":0},"end":{"line":6,"column":31}},"5":{"start":{"line":8,"column":0},"end":{"line":8,"column":36}},"6":{"start":{"line":9,"column":0},"end":{"line":9,"column":31}},"7":{"start":{"line":12,"column":0},"end":{"line":70,"column":2}},"8":{"start":{"line":14,"column":4},"end":{"line":20,"column":6}},"9":{"start":{"line":22,"column":4},"end":{"line":22,"column":28}},"10":{"start":{"line":24,"column":4},"end":{"line":67,"column":5}},"11":{"start":{"line":26,"column":8},"end":{"line":28,"column":9}},"12":{"start":{"line":27,"column":12},"end":{"line":27,"column":40},"skip":true},"13":{"start":{"line":31,"column":8},"end":{"line":33,"column":9}},"14":{"start":{"line":32,"column":12},"end":{"line":32,"column":84},"skip":true},"15":{"start":{"line":35,"column":8},"end":{"line":64,"column":9}},"16":{"start":{"line":36,"column":12},"end":{"line":36,"column":47}},"17":{"start":{"line":37,"column":12},"end":{"line":37,"column":57}},"18":{"start":{"line":40,"column":12},"end":{"line":51,"column":13}},"19":{"start":{"line":41,"column":16},"end":{"line":50,"column":17}},"20":{"start":{"line":42,"column":20},"end":{"line":42,"column":75}},"21":{"start":{"line":43,"column":20},"end":{"line":48,"column":23}},"22":{"start":{"line":49,"column":20},"end":{"line":49,"column":37}},"23":{"start":{"line":54,"column":12},"end":{"line":63,"column":13}},"24":{"start":{"line":55,"column":16},"end":{"line":55,"column":64}},"25":{"start":{"line":56,"column":16},"end":{"line":61,"column":19}},"26":{"start":{"line":62,"column":16},"end":{"line":62,"column":33}},"27":{"start":{"line":66,"column":8},"end":{"line":66,"column":26}},"28":{"start":{"line":69,"column":4},"end":{"line":69,"column":42}}},"branchMap":{"1":{"line":26,"type":"if","locations":[{"start":{"line":26,"column":8},"end":{"line":26,"column":8},"skip":true},{"start":{"line":26,"column":8},"end":{"line":26,"column":8}}]},"2":{"line":31,"type":"if","locations":[{"start":{"line":31,"column":8},"end":{"line":31,"column":8},"skip":true},{"start":{"line":31,"column":8},"end":{"line":31,"column":8}}]},"3":{"line":35,"type":"if","locations":[{"start":{"line":35,"column":8},"end":{"line":35,"column":8}},{"start":{"line":35,"column":8},"end":{"line":35,"column":8}}]},"4":{"line":40,"type":"if","locations":[{"start":{"line":40,"column":12},"end":{"line":40,"column":12}},{"start":{"line":40,"column":12},"end":{"line":40,"column":12}}]},"5":{"line":54,"type":"if","locations":[{"start":{"line":54,"column":12},"end":{"line":54,"column":12}},{"start":{"line":54,"column":12},"end":{"line":54,"column":12}}]}}}}