TN:
SF:/Users/songsiqi/Documents/workspace/gitlab/px2rem-gulp/index.js
FN:12,(anonymous_1)
FN:24,transformFunction
FNF:2
FNH:2
FNDA:4,(anonymous_1)
FNDA:5,transformFunction
DA:3,1
DA:4,1
DA:5,1
DA:6,1
DA:8,1
DA:9,1
DA:12,1
DA:14,4
DA:22,4
DA:24,1
DA:26,5
DA:27,1
DA:31,5
DA:32,1
DA:35,5
DA:36,5
DA:37,5
DA:40,5
DA:41,1
DA:42,3
DA:43,3
DA:49,3
DA:54,5
DA:55,4
DA:56,4
DA:62,4
DA:66,5
DA:69,4
LF:28
LH:28
BRDA:26,1,0,0
BRDA:26,1,1,5
BRDA:31,2,0,0
BRDA:31,2,1,5
BRDA:35,3,0,5
BRDA:35,3,1,0
BRDA:40,4,0,1
BRDA:40,4,1,4
BRDA:54,5,0,4
BRDA:54,5,1,1
BRF:10
BRH:9
end_of_record
