TN:
SF:/Users/songsiqi/Documents/workspace/gitlab/px2rem-gulp/index.js
FN:12,(anonymous_1)
FN:24,transformFunction
FNF:2
FNH:2
FNDA:4,(anonymous_1)
FNDA:5,transformFunction
DA:3,1
DA:4,1
DA:5,1
DA:6,1
DA:8,1
DA:9,1
DA:12,1
DA:14,4
DA:22,4
DA:24,1
DA:25,5
DA:26,0
DA:29,5
DA:30,0
DA:33,5
DA:34,5
DA:35,5
DA:38,5
DA:39,1
DA:40,3
DA:41,3
DA:47,3
DA:52,5
DA:53,4
DA:54,4
DA:60,4
DA:64,5
DA:67,4
LF:28
LH:26
BRDA:25,1,0,0
BRDA:25,1,1,5
BRDA:29,2,0,0
BRDA:29,2,1,5
BRDA:33,3,0,5
BRDA:33,3,1,0
BRDA:38,4,0,1
BRDA:38,4,1,4
BRDA:52,5,0,4
BRDA:52,5,1,1
BRF:10
BRH:7
end_of_record
